JvmtiExport can_access_local_variables 0
JvmtiExport can_hotswap_or_post_breakpoint 0
JvmtiExport can_post_on_exceptions 0
# 128 ciObject found
ciMethod java/lang/String length ()I 4097 1 91174 0 64
ciMethod java/lang/String charAt (I)C 4097 1 513267 0 128
ciMethod java/lang/System arraycopy (Ljava/lang/Object;ILjava/lang/Object;II)V 35841 1 4480 0 -1
ciMethod java/util/Arrays copyOf ([BI)[B 2369 1 11828 0 -1
ciMethodData java/lang/String charAt (I)C 2 513267 orig 264 216 160 39 99 0 0 0 0 240 59 111 22 0 0 0 0 120 1 0 0 32 0 0 0 0 0 0 0 0 0 0 0 0 0 0 0 0 0 0 0 0 0 0 0 0 0 0 0 0 0 0 0 0 0 0 0 0 0 0 0 0 0 0 0 0 0 0 0 0 0 0 0 0 0 0 0 0 0 0 0 77 68 79 32 101 120 116 114 97 32 100 97 116 97 32 108 111 99 107 0 0 0 0 0 0 0 0 0 0 0 0 0 0 0 0 0 0 0 0 0 0 0 0 0 0 0 0 0 0 0 0 0 0 0 0 0 0 0 0 0 0 0 0 0 0 0 0 0 0 0 0 0 0 0 0 0 0 0 0 0 0 0 0 0 0 0 0 0 0 0 0 0 0 0 0 0 0 0 0 0 0 0 0 0 25 0 0 0 0 0 0 0 0 0 0 0 0 0 0 0 1 0 0 0 0 0 0 0 0 0 0 0 0 0 0 0 0 2 0 0 153 151 62 0 1 0 0 0 0 0 0 0 0 0 0 0 2 0 0 0 0 0 0 0 0 0 0 0 80 0 0 0 255 255 255 255 7 0 1 0 0 0 0 0 data 10 0x10007 0x0 0x40 0x7d2f3 0xa0007 0x7d2f3 0x30 0x0 0x120002 0x0 oops 0
ciMethodData java/lang/String length ()I 2 91174 orig 264 216 160 39 99 0 0 0 0 176 58 111 22 0 0 0 0 32 1 0 0 0 0 0 0 0 0 0 0 0 0 0 0 0 0 0 0 0 0 0 0 0 0 0 0 0 0 0 0 0 0 0 0 0 0 0 0 0 0 0 0 0 0 0 0 0 0 0 0 0 0 0 0 0 0 0 0 0 0 0 0 77 68 79 32 101 120 116 114 97 32 100 97 116 97 32 108 111 99 107 0 0 0 0 0 0 0 0 0 0 0 0 0 0 0 0 0 0 0 0 0 0 0 0 0 0 0 0 0 0 0 0 0 0 0 0 0 0 0 0 0 0 0 0 0 0 0 0 0 0 0 0 0 0 0 0 0 0 0 0 0 0 0 0 0 0 0 0 0 0 0 0 0 0 0 0 0 0 0 0 0 0 0 0 0 1 0 0 0 0 0 0 0 0 0 0 0 0 0 0 0 1 0 0 0 0 0 0 0 0 0 0 0 0 0 0 0 0 2 0 0 49 17 11 0 1 0 0 0 0 0 0 0 0 0 0 0 2 0 0 0 0 0 0 0 0 0 0 0 0 0 0 0 255 255 255 255 0 0 0 0 0 0 0 0 data 0 oops 0
ciMethod java/io/OutputStream write ([BII)V 0 0 1 0 -1
ciMethod java/io/ByteArrayOutputStream ensureCapacity (I)V 3033 1 7068 0 0
ciMethod java/io/ByteArrayOutputStream grow (I)V 65 1 203 0 0
ciMethod java/io/ByteArrayOutputStream hugeCapacity (I)I 0 0 1 0 -1
ciMethod java/io/ByteArrayOutputStream write ([BII)V 3393 1 1277 0 0
ciMethod java/io/DataOutput write ([BII)V 0 0 1 0 -1
ciMethod java/io/DataOutputStream incCount (I)V 4097 1 21657 0 0
ciMethod java/io/DataOutputStream write ([BII)V 3705 1 2401 0 0
ciMethod java/io/DataOutputStream writeUTF (Ljava/lang/String;Ljava/io/DataOutput;)I 1737 65537 1124 0 -1
ciMethodData java/io/ByteArrayOutputStream ensureCapacity (I)V 2 7068 orig 264 216 160 39 99 0 0 0 0 240 78 149 22 0 0 0 0 88 1 0 0 0 0 0 0 0 0 0 0 0 0 0 0 0 0 0 0 0 0 0 0 0 0 0 0 0 0 0 0 0 0 0 0 0 0 0 0 0 0 0 0 0 0 0 0 0 0 0 0 0 0 0 0 0 0 0 0 0 0 0 0 77 68 79 32 101 120 116 114 97 32 100 97 116 97 32 108 111 99 107 0 0 0 0 0 0 0 0 0 0 0 0 0 0 0 0 0 0 0 0 0 0 0 0 0 0 0 0 0 0 0 0 0 0 0 0 0 0 0 0 0 0 0 0 0 0 0 0 0 0 0 0 0 0 0 0 0 0 0 0 0 0 0 0 0 0 0 0 0 0 0 0 0 0 0 0 0 0 0 0 0 0 0 0 0 0 0 0 0 0 0 0 0 0 0 0 0 0 0 0 0 0 0 0 0 0 0 0 0 0 0 0 0 0 0 0 0 122 1 0 0 9 209 0 0 1 0 0 0 0 0 0 0 0 0 0 0 2 0 0 0 0 0 6 0 2 0 0 0 48 0 0 0 255 255 255 255 7 0 7 0 0 0 0 0 data 6 0x70007 0x1996 0x30 0x8b 0xc0002 0x8b oops 0
ciMethodData java/io/ByteArrayOutputStream grow (I)V 1 203 orig 264 216 160 39 99 0 0 0 0 168 79 149 22 0 0 0 0 176 1 0 0 64 0 0 0 0 0 0 0 0 0 0 0 0 0 0 0 0 0 0 0 0 0 0 0 0 0 0 0 0 0 0 0 0 0 0 0 0 0 0 0 0 0 0 0 0 0 0 0 0 0 0 0 0 0 0 0 0 0 0 0 77 68 79 32 101 120 116 114 97 32 100 97 116 97 32 108 111 99 107 0 0 0 0 0 0 0 0 0 0 0 0 0 0 0 0 0 0 0 0 0 0 0 0 0 0 0 0 0 0 0 0 0 0 0 0 0 0 0 0 0 0 0 0 0 0 0 0 0 0 0 0 0 0 0 0 0 0 0 0 0 0 0 0 0 0 0 0 0 0 0 0 0 0 0 0 0 0 0 0 0 0 0 0 0 0 0 0 0 0 0 0 0 0 0 0 0 0 0 0 0 0 0 0 0 0 0 0 0 0 0 0 0 0 0 0 0 8 0 0 0 25 6 0 0 1 0 0 0 0 0 0 0 0 0 0 0 2 0 0 0 0 0 0 0 0 0 0 0 96 0 0 0 255 255 255 255 7 0 13 0 0 0 0 0 data 12 0xd0007 0xc3 0x20 0x0 0x160007 0xc3 0x30 0x0 0x1a0002 0x0 0x240002 0xc3 oops 0
ciMethodData java/io/DataOutputStream incCount (I)V 2 21657 orig 264 216 160 39 99 0 0 0 0 160 95 173 22 0 0 0 0 72 1 0 0 0 0 0 0 0 0 0 0 0 0 0 0 0 0 0 0 0 0 0 0 0 0 0 0 0 0 0 0 0 0 0 0 0 0 0 0 0 0 0 0 0 0 0 0 0 0 0 0 0 0 0 0 0 0 0 0 0 0 0 0 77 68 79 32 101 120 116 114 97 32 100 97 116 97 32 108 111 99 107 0 0 0 0 0 0 0 0 0 0 0 0 0 0 0 0 0 0 0 0 0 0 0 0 0 0 0 0 0 0 0 0 0 0 0 0 0 0 0 0 0 0 0 0 0 0 0 0 0 0 0 0 0 0 0 0 0 0 0 0 0 0 0 0 0 0 0 0 0 0 0 0 0 0 0 0 0 0 0 0 0 0 0 0 0 0 0 0 0 0 0 0 0 0 0 0 0 0 0 0 0 0 0 0 0 0 0 0 0 0 0 0 0 0 0 0 0 0 2 0 0 201 148 2 0 1 0 0 0 0 0 0 0 0 0 0 0 2 0 0 0 0 0 6 0 2 0 0 0 32 0 0 0 255 255 255 255 7 0 8 0 0 0 0 0 data 4 0x80007 0x5299 0x20 0x0 oops 0
ciMethodData java/io/DataOutputStream writeUTF (Ljava/lang/String;Ljava/io/DataOutput;)I 2 42468 orig 264 216 160 39 99 0 0 0 0 136 107 173 22 0 0 0 0 56 6 0 0 168 3 0 0 0 0 0 0 0 0 0 0 0 0 0 0 0 0 0 0 0 0 0 0 0 0 0 0 0 0 0 0 0 0 0 0 0 0 0 0 0 0 0 0 0 0 0 0 0 0 0 0 0 0 0 0 0 0 0 0 77 68 79 32 101 120 116 114 97 32 100 97 116 97 32 108 111 99 107 0 0 0 0 0 0 0 0 0 0 0 0 0 0 0 0 0 0 0 0 0 0 0 0 0 0 0 0 0 0 0 0 0 0 0 0 0 0 0 0 0 0 0 0 0 0 0 0 0 0 0 0 0 0 0 0 0 0 0 0 0 0 0 0 0 0 0 0 0 0 0 0 0 0 0 0 0 0 0 0 0 0 0 0 0 0 0 0 0 0 0 0 0 0 0 0 0 0 0 0 0 0 0 0 0 0 0 0 0 0 0 0 0 0 0 0 0 142 31 0 0 89 28 0 0 33 47 4 0 0 0 0 0 0 0 0 0 2 0 0 0 3 0 67 0 2 0 0 0 232 4 0 0 255 255 255 255 5 0 1 0 0 0 0 0 data 157 0x10005 0x1 0x16fc36a0 0x38a 0x0 0x0 0x100007 0x38b 0xf8 0x42f1 0x160005 0x28 0x16fc36a0 0x42c9 0x0 0x0 0x1e0007 0x0 0x58 0x42f1 0x250007 0x0 0x38 0x42f1 0x2b0003 0x42f1 0x50 0x330007 0x0 0x38 0x0 0x390003 0x0 0x18 0x420003 0x42f1 0xffffffffffffff20 0x480007 0x38b 0x100 0x0 0x530002 0x0 0x580005 0x0 0x0 0x0 0x0 0x0 0x5c0005 0x0 0x0 0x0 0x0 0x0 0x610005 0x0 0x0 0x0 0x0 0x0 0x640005 0x0 0x0 0x0 0x0 0x0 0x670002 0x0 0x6f0004 0x0 0x1a8dea50 0x38b 0x0 0x0 0x720007 0x0 0xa8 0x38b 0x760004 0x0 0x1a8dea50 0x38b 0x0 0x0 0x800007 0x10 0x40 0x37b 0x8c0007 0x35b 0x20 0x20 0xa20003 0x38b 0x18 0xd60007 0x38b 0xc0 0x42f1 0xdc0005 0x28 0x16fc36a0 0x42c9 0x0 0x0 0xe40007 0x0 0x70 0x42f1 0xeb0007 0x42f1 0x38 0x0 0xee0003 0x0 0x30 0xff0003 0x42f1 0xffffffffffffff58 0x1050007 0x38b 0xf8 0x0 0x10b0005 0x0 0x0 0x0 0x0 0x0 0x1130007 0x0 0x58 0x0 0x11a0007 0x0 0x38 0x0 0x1280003 0x0 0x50 0x1300007 0x0 0x38 0x0 0x1710003 0x0 0x18 0x1a00003 0x0 0xffffffffffffff20 0x1aa0005 0x0 0x1a8dea50 0x38b 0x0 0x0 oops 6 2 java/lang/String 12 java/lang/String 71 java/io/DataOutputStream 81 java/io/DataOutputStream 102 java/lang/String 153 java/io/DataOutputStream
ciMethodData java/io/DataOutputStream write ([BII)V 2 2401 orig 264 216 160 39 99 0 0 0 0 224 96 173 22 0 0 0 0 160 1 0 0 0 0 0 0 0 0 0 0 0 0 0 0 0 0 0 0 0 0 0 0 0 0 0 0 0 0 0 0 0 0 0 0 0 0 0 0 0 0 0 0 0 0 0 0 0 0 0 0 0 0 0 0 0 0 0 0 0 0 0 0 77 68 79 32 101 120 116 114 97 32 100 97 116 97 32 108 111 99 107 0 0 0 0 0 0 0 0 0 0 0 0 0 0 0 0 0 0 0 0 0 0 0 0 0 0 0 0 0 0 0 0 0 0 0 0 0 0 0 0 0 0 0 0 0 0 0 0 0 0 0 0 0 0 0 0 0 0 0 0 0 0 0 0 0 0 0 0 0 0 0 0 0 0 0 0 0 0 0 0 0 0 0 0 0 0 0 0 0 0 0 0 0 0 0 0 0 0 0 0 0 0 0 0 0 0 0 0 0 0 0 0 0 0 0 0 0 207 1 0 0 145 60 0 0 1 0 0 0 0 0 0 0 0 0 0 0 2 0 0 0 0 0 7 0 2 0 0 0 64 0 0 0 255 255 255 255 5 0 7 0 0 0 0 0 data 8 0x70005 0x0 0x1a8dea50 0x38a 0x1a965710 0x408 0xc0002 0x792 oops 2 2 java/io/DataOutputStream 4 java/io/ByteArrayOutputStream
ciMethodData java/io/ByteArrayOutputStream write ([BII)V 1 1277 orig 264 216 160 39 99 0 0 0 0 200 81 149 22 0 0 0 0 16 2 0 0 128 0 0 0 0 0 0 0 0 0 0 0 0 0 0 0 0 0 0 0 0 0 0 0 0 0 0 0 0 0 0 0 0 0 0 0 0 0 0 0 0 0 0 0 0 0 0 0 0 0 0 0 0 0 0 0 0 0 0 0 77 68 79 32 101 120 116 114 97 32 100 97 116 97 32 108 111 99 107 0 0 0 0 0 0 0 0 0 0 0 0 0 0 0 0 0 0 0 0 0 0 0 0 0 0 0 0 0 0 0 0 0 0 0 0 0 0 0 0 0 0 0 0 0 0 0 0 0 0 0 0 0 0 0 0 0 0 0 0 0 0 0 0 0 0 0 0 0 0 0 0 0 0 0 0 0 0 0 0 0 0 0 0 0 0 0 0 0 0 0 0 0 0 0 0 0 0 0 0 0 0 0 0 0 0 0 0 0 0 0 0 0 0 0 0 0 168 1 0 0 169 26 0 0 1 0 0 0 0 0 0 0 0 0 0 0 2 0 0 0 0 0 16 0 2 0 0 0 176 0 0 0 255 255 255 255 7 0 1 0 0 0 0 0 data 22 0x10007 0x0 0x80 0x355 0x70007 0x0 0x60 0x355 0xb0007 0x0 0x40 0x355 0x140007 0x355 0x30 0x0 0x1b0002 0x0 0x260002 0x355 0x340002 0x355 oops 0
instanceKlass org/aspectj/weaver/tools/PointcutParser
instanceKlass org/springframework/aop/IntroductionAdvisor
instanceKlass org/springframework/aop/IntroductionInfo
instanceKlass org/springframework/aop/framework/autoproxy/ProxyCreationContext
instanceKlass org/springframework/aop/SpringProxy
instanceKlass org/springframework/aop/support/AopUtils
instanceKlass com/yewei/utils/YeweiReflectionUtils
instanceKlass org/springframework/aop/aspectj/AspectJPointcutAdvisor
instanceKlass org/aspectj/lang/annotation/DeclareParents
instanceKlass org/springframework/aop/aspectj/annotation/InstantiationModelAwarePointcutAdvisorImpl
instanceKlass org/springframework/aop/aspectj/InstantiationModelAwarePointcutAdvisor
instanceKlass org/aspectj/util/TypeSafeEnum
instanceKlass org/aopalliance/intercept/MethodInvocation
instanceKlass org/aopalliance/intercept/Invocation
instanceKlass org/aopalliance/intercept/Joinpoint
instanceKlass org/aspectj/weaver/tools/PointcutDesignatorHandler
instanceKlass org/aspectj/weaver/tools/ShadowMatch
instanceKlass org/springframework/aop/support/AbstractExpressionPointcut
instanceKlass org/springframework/aop/support/ExpressionPointcut
instanceKlass org/springframework/aop/aspectj/annotation/AbstractAspectJAdvisorFactory$AspectJAnnotation
instanceKlass org/aspectj/lang/annotation/AfterThrowing
instanceKlass org/aspectj/lang/annotation/AfterReturning
instanceKlass org/aspectj/lang/annotation/Around
instanceKlass org/springframework/aop/aspectj/annotation/ReflectiveAspectJAdvisorFactory$1
instanceKlass org/springframework/aop/aspectj/annotation/LazySingletonAspectInstanceFactoryDecorator
instanceKlass org/springframework/aop/aspectj/annotation/BeanFactoryAspectInstanceFactory
instanceKlass org/springframework/aop/TruePointcut
instanceKlass org/aspectj/internal/lang/reflect/PerClauseImpl
instanceKlass org/aspectj/lang/reflect/DeclarePrecedence
instanceKlass org/aspectj/internal/lang/annotation/ajcDeclarePrecedence
instanceKlass org/aspectj/lang/JoinPoint
instanceKlass org/aspectj/lang/annotation/DeclarePrecedence
instanceKlass org/aspectj/lang/reflect/PerClause
instanceKlass org/aspectj/lang/reflect/Pointcut
instanceKlass org/aspectj/lang/reflect/Advice
instanceKlass org/aspectj/internal/lang/reflect/AjTypeImpl
instanceKlass org/aspectj/lang/reflect/AjType
instanceKlass org/aspectj/lang/reflect/AjTypeSystem
instanceKlass org/springframework/aop/aspectj/annotation/AspectMetadata
instanceKlass java/util/concurrent/ExecutorService
instanceKlass org/springframework/aop/support/ClassFilters$UnionClassFilter
instanceKlass org/springframework/aop/support/ClassFilters
instanceKlass org/springframework/aop/support/MethodMatchers$UnionMethodMatcher
instanceKlass org/springframework/aop/IntroductionAwareMethodMatcher
instanceKlass org/springframework/aop/support/MethodMatchers
instanceKlass org/springframework/aop/support/ComposablePointcut
instanceKlass org/springframework/aop/support/StaticMethodMatcher
instanceKlass org/springframework/aop/TrueClassFilter
instanceKlass org/springframework/aop/TrueMethodMatcher
instanceKlass org/springframework/aop/support/annotation/AnnotationClassFilter
instanceKlass org/springframework/aop/MethodMatcher
instanceKlass org/springframework/aop/ClassFilter
instanceKlass org/springframework/aop/support/annotation/AnnotationMatchingPointcut
instanceKlass java/util/concurrent/Callable
instanceKlass org/springframework/aop/interceptor/AsyncExecutionInterceptor
instanceKlass org/springframework/util/ConcurrencyThrottleSupport
instanceKlass org/springframework/util/CustomizableThreadCreator$SerializableMonitor
instanceKlass java/util/concurrent/Future
instanceKlass org/springframework/util/CustomizableThreadCreator
instanceKlass org/springframework/core/task/AsyncTaskExecutor
instanceKlass org/springframework/core/task/TaskExecutor
instanceKlass org/springframework/aop/Pointcut
instanceKlass org/springframework/aop/support/AbstractPointcutAdvisor
instanceKlass org/springframework/aop/PointcutAdvisor
instanceKlass org/springframework/core/GenericCollectionTypeResolver
instanceKlass org/springframework/scheduling/annotation/AsyncConfigurer
instanceKlass java/util/concurrent/Executor
instanceKlass org/springframework/context/support/ApplicationContextAwareProcessor$EmbeddedValueResolver
instanceKlass org/springframework/scheduling/config/ScheduledTaskRegistrar
instanceKlass org/springframework/util/MethodInvoker
instanceKlass org/springframework/beans/factory/support/ConstructorResolver$ArgumentsHolder
instanceKlass java/util/Collections$UnmodifiableMap$UnmodifiableEntrySet$1
instanceKlass org/springframework/beans/factory/support/AutowireUtils$2
instanceKlass java/beans/ConstructorProperties
instanceKlass org/springframework/beans/factory/support/ConstructorResolver
instanceKlass org/springframework/beans/factory/support/DisposableBeanAdapter
instanceKlass org/springframework/core/convert/Property
instanceKlass org/springframework/core/convert/AbstractDescriptor
instanceKlass org/springframework/core/convert/TypeDescriptor
instanceKlass org/springframework/beans/PropertyAccessorUtils
instanceKlass org/springframework/beans/factory/config/TypedStringValue
instanceKlass org/springframework/beans/factory/config/RuntimeBeanNameReference
instanceKlass org/springframework/beans/factory/config/RuntimeBeanReference
instanceKlass org/springframework/beans/factory/support/BeanDefinitionValueResolver
instanceKlass org/springframework/core/MethodParameter
instanceKlass org/springframework/beans/factory/support/AutowireUtils
instanceKlass org/springframework/beans/ExtendedBeanInfo$PropertyDescriptorComparator
instanceKlass java/util/NavigableSet
instanceKlass sun/reflect/generics/tree/TypeVariableSignature
instanceKlass sun/reflect/generics/tree/VoidDescriptor
instanceKlass sun/reflect/generics/reflectiveObjects/GenericArrayTypeImpl
instanceKlass sun/reflect/generics/tree/ArrayTypeSignature
instanceKlass java/beans/SimpleBeanInfo
instanceKlass java/util/TreeMap$PrivateEntryIterator
instanceKlass java/beans/Transient
instanceKlass com/sun/beans/WildcardTypeImpl
instanceKlass java/lang/reflect/WildcardType
instanceKlass sun/reflect/generics/tree/MethodTypeSignature
instanceKlass sun/reflect/generics/tree/Wildcard
instanceKlass sun/reflect/generics/tree/BottomSignature
instanceKlass com/sun/beans/TypeResolver
instanceKlass java/beans/MethodRef
instanceKlass com/sun/beans/util/Cache$CacheEntry
instanceKlass com/sun/beans/util/Cache
instanceKlass com/sun/beans/finder/AbstractFinder
instanceKlass com/sun/beans/finder/ClassFinder
instanceKlass com/sun/beans/finder/InstanceFinder
instanceKlass java/beans/WeakIdentityMap
instanceKlass java/beans/ThreadGroupContext
instanceKlass java/util/SortedSet
instanceKlass org/springframework/beans/ExtendedBeanInfo
instanceKlass java/beans/BeanInfo
instanceKlass org/springframework/beans/CachedIntrospectionResults
instanceKlass org/springframework/beans/factory/annotation/InitDestroyAnnotationBeanPostProcessor$LifecycleMetadata
instanceKlass org/springframework/aop/framework/Advised
instanceKlass org/springframework/aop/framework/autoproxy/TargetSourceCreator
instanceKlass javax/persistence/PersistenceUnit
instanceKlass javax/persistence/PersistenceContext
instanceKlass org/springframework/core/PrioritizedParameterNameDiscoverer
instanceKlass org/springframework/aop/aspectj/annotation/AbstractAspectJAdvisorFactory$AspectJAnnotationParameterNameDiscoverer
instanceKlass org/springframework/aop/aspectj/annotation/MetadataAwareAspectInstanceFactory
instanceKlass org/springframework/aop/AfterReturningAdvice
instanceKlass org/springframework/aop/AfterAdvice
instanceKlass org/springframework/aop/aspectj/AbstractAspectJAdvice
instanceKlass org/springframework/aop/aspectj/AspectJPrecedenceInformation
instanceKlass org/springframework/aop/MethodBeforeAdvice
instanceKlass org/springframework/aop/BeforeAdvice
instanceKlass org/springframework/aop/aspectj/AspectInstanceFactory
instanceKlass org/springframework/aop/aspectj/annotation/AbstractAspectJAdvisorFactory
instanceKlass org/springframework/aop/framework/adapter/ThrowsAdviceAdapter
instanceKlass org/springframework/aop/framework/adapter/AfterReturningAdviceAdapter
instanceKlass org/aopalliance/intercept/MethodInterceptor
instanceKlass org/aopalliance/intercept/Interceptor
instanceKlass org/aopalliance/aop/Advice
instanceKlass org/springframework/aop/framework/adapter/MethodBeforeAdviceAdapter
instanceKlass org/springframework/aop/framework/adapter/AdvisorAdapter
instanceKlass org/springframework/aop/Advisor
instanceKlass org/springframework/aop/framework/adapter/DefaultAdvisorAdapterRegistry
instanceKlass org/springframework/aop/framework/adapter/AdvisorAdapterRegistry
instanceKlass org/springframework/aop/framework/adapter/GlobalAdvisorAdapterRegistry
instanceKlass org/springframework/aop/aspectj/autoproxy/AspectJPrecedenceComparator
instanceKlass java/util/TimSort
instanceKlass java/util/Arrays$LegacyMergeSort
instanceKlass javax/annotation/PreDestroy
instanceKlass javax/annotation/PostConstruct
instanceKlass javax/naming/Context
instanceKlass org/springframework/jndi/JndiCallback
instanceKlass org/springframework/jndi/JndiTemplate
instanceKlass org/springframework/jndi/JndiAccessor
instanceKlass javax/xml/ws/WebServiceRef
instanceKlass org/springframework/beans/factory/annotation/Required
instanceKlass org/springframework/context/support/AbstractApplicationContext$BeanPostProcessorChecker
instanceKlass org/springframework/util/ReflectionUtils$5
instanceKlass org/springframework/util/ReflectionUtils$4
instanceKlass net/sf/cglib/reflect/FastClassEmitter$4
instanceKlass net/sf/cglib/core/Block
instanceKlass net/sf/cglib/core/EmitUtils$14
instanceKlass net/sf/cglib/core/EmitUtils$13
instanceKlass net/sf/cglib/core/EmitUtils$12
instanceKlass net/sf/cglib/core/EmitUtils$11
instanceKlass net/sf/cglib/core/EmitUtils$10
instanceKlass net/sf/cglib/reflect/FastClassEmitter$GetIndexCallback
instanceKlass net/sf/cglib/reflect/FastClassEmitter$3
instanceKlass net/sf/cglib/reflect/FastClassEmitter$1
instanceKlass net/sf/cglib/reflect/FastClass
instanceKlass net/sf/cglib/proxy/MethodProxy
instanceKlass net/sf/cglib/core/EmitUtils$6
instanceKlass java/util/DualPivotQuicksort
instanceKlass net/sf/cglib/core/EmitUtils$5
instanceKlass net/sf/cglib/proxy/MethodInterceptorGenerator$1
instanceKlass net/sf/cglib/proxy/Enhancer$6
instanceKlass org/springframework/core/BridgeMethodResolver
instanceKlass org/springframework/context/annotation/BeanAnnotationHelper
instanceKlass net/sf/cglib/core/MethodInfoTransformer
instanceKlass net/sf/cglib/proxy/Enhancer$2
instanceKlass net/sf/cglib/core/DuplicatesPredicate
instanceKlass net/sf/cglib/core/RejectModifierPredicate
instanceKlass net/sf/cglib/core/MethodWrapper$MethodWrapperKey
instanceKlass net/sf/cglib/core/MethodWrapper
instanceKlass net/sf/cglib/proxy/Factory
instanceKlass org/springframework/scheduling/annotation/ScheduledAnnotationBeanPostProcessor
instanceKlass net/sf/cglib/core/VisibilityPredicate
instanceKlass net/sf/cglib/proxy/ProxyRefDispatcher
instanceKlass net/sf/cglib/proxy/FixedValueGenerator
instanceKlass net/sf/cglib/proxy/FixedValue
instanceKlass net/sf/cglib/proxy/DispatcherGenerator
instanceKlass net/sf/cglib/proxy/Dispatcher
instanceKlass net/sf/cglib/proxy/LazyLoaderGenerator
instanceKlass net/sf/cglib/proxy/LazyLoader
instanceKlass net/sf/cglib/proxy/InvocationHandlerGenerator
instanceKlass net/sf/cglib/proxy/InvocationHandler
instanceKlass net/sf/cglib/proxy/MethodInterceptorGenerator
instanceKlass net/sf/cglib/proxy/NoOpGenerator
instanceKlass net/sf/cglib/proxy/CallbackGenerator
instanceKlass net/sf/cglib/proxy/CallbackInfo
instanceKlass net/sf/cglib/asm/Attribute
instanceKlass net/sf/cglib/core/ClassNameReader
instanceKlass net/sf/cglib/asm/ClassReader
instanceKlass net/sf/cglib/core/DebuggingClassWriter$1
instanceKlass net/sf/cglib/core/EmitUtils$9
instanceKlass net/sf/cglib/core/EmitUtils$8
instanceKlass net/sf/cglib/core/Local
instanceKlass net/sf/cglib/core/EmitUtils$7
instanceKlass net/sf/cglib/asm/Edge
instanceKlass net/sf/cglib/core/ClassEmitter$FieldInfo
instanceKlass net/sf/cglib/core/RemappingCodeVisitor$State
instanceKlass net/sf/cglib/core/RemappingCodeVisitor$IntRef
instanceKlass net/sf/cglib/core/Constants
instanceKlass net/sf/cglib/asm/Constants
instanceKlass net/sf/cglib/asm/Label
instanceKlass net/sf/cglib/asm/CodeWriter
instanceKlass net/sf/cglib/core/EmitUtils$ArrayDelimiters
instanceKlass net/sf/cglib/core/ProcessArrayCallback
instanceKlass net/sf/cglib/core/EmitUtils$ParameterTyper
instanceKlass net/sf/cglib/core/EmitUtils
instanceKlass java/lang/AssertionStatusDirectives
instanceKlass net/sf/cglib/core/ReflectUtils$2
instanceKlass net/sf/cglib/core/ReflectUtils$1
instanceKlass net/sf/cglib/core/MethodInfo
instanceKlass net/sf/cglib/core/ReflectUtils
instanceKlass net/sf/cglib/core/ClassInfo
instanceKlass net/sf/cglib/asm/CodeAdapter
instanceKlass net/sf/cglib/asm/ClassAdapter
instanceKlass net/sf/cglib/asm/Item
instanceKlass net/sf/cglib/asm/ByteVector
instanceKlass net/sf/cglib/asm/CodeVisitor
instanceKlass net/sf/cglib/core/AbstractClassGenerator$1
instanceKlass net/sf/cglib/core/DefaultNamingPolicy
instanceKlass net/sf/cglib/asm/ClassWriter
instanceKlass net/sf/cglib/asm/ClassVisitor
instanceKlass net/sf/cglib/core/DefaultGeneratorStrategy
instanceKlass net/sf/cglib/core/KeyFactory$2
instanceKlass net/sf/cglib/core/KeyFactory$1
instanceKlass net/sf/cglib/asm/Type
instanceKlass net/sf/cglib/core/Signature
instanceKlass net/sf/cglib/core/CollectionUtils
instanceKlass net/sf/cglib/core/TypeUtils
instanceKlass net/sf/cglib/core/Customizer
instanceKlass net/sf/cglib/core/KeyFactory
instanceKlass net/sf/cglib/proxy/Enhancer$EnhancerKey
instanceKlass net/sf/cglib/core/AbstractClassGenerator$Source
instanceKlass net/sf/cglib/proxy/Enhancer$1
instanceKlass net/sf/cglib/core/Transformer
instanceKlass net/sf/cglib/proxy/CallbackGenerator$Context
instanceKlass net/sf/cglib/core/ProcessSwitchCallback
instanceKlass net/sf/cglib/core/ObjectSwitchCallback
instanceKlass net/sf/cglib/core/Predicate
instanceKlass net/sf/cglib/core/NamingPolicy
instanceKlass net/sf/cglib/core/GeneratorStrategy
instanceKlass org/springframework/context/annotation/ConfigurationClassEnhancer$EnhancedConfiguration
instanceKlass org/springframework/context/annotation/ConfigurationClassEnhancer$1
instanceKlass net/sf/cglib/proxy/NoOp$1
instanceKlass net/sf/cglib/proxy/NoOp
instanceKlass org/springframework/context/annotation/ConfigurationClassEnhancer$DisposableBeanMethodInterceptor
instanceKlass org/springframework/context/annotation/ConfigurationClassEnhancer$BeanMethodInterceptor
instanceKlass net/sf/cglib/proxy/MethodInterceptor
instanceKlass net/sf/cglib/proxy/Callback
instanceKlass net/sf/cglib/proxy/CallbackFilter
instanceKlass org/springframework/context/annotation/ConfigurationClassEnhancer
instanceKlass org/springframework/context/annotation/ConfigurationClassBeanDefinitionReader
instanceKlass org/springframework/beans/factory/annotation/Autowired
instanceKlass org/springframework/scheduling/annotation/AbstractAsyncConfiguration
instanceKlass org/springframework/context/annotation/ImportAware
instanceKlass org/springframework/context/annotation/ConfigurationMethod
instanceKlass org/springframework/context/annotation/ImportBeanDefinitionRegistrar
instanceKlass org/springframework/context/annotation/ConfigurationClassParser$ImportStack$1
instanceKlass org/springframework/context/annotation/ImportResource
instanceKlass org/springframework/context/annotation/ComponentScan
instanceKlass org/springframework/context/annotation/PropertySource
instanceKlass org/springframework/context/annotation/ConfigurationClass
instanceKlass org/springframework/context/annotation/ComponentScanAnnotationParser
instanceKlass org/springframework/beans/factory/parsing/Problem
instanceKlass org/springframework/context/annotation/ConfigurationClassParser$ImportRegistry
instanceKlass org/springframework/context/annotation/ConfigurationClassParser
instanceKlass org/springframework/beans/BeanMetadataAttribute
instanceKlass sun/net/DefaultProgressMeteringPolicy
instanceKlass sun/net/ProgressMeteringPolicy
instanceKlass sun/net/ProgressMonitor
instanceKlass org/springframework/aop/aspectj/annotation/AspectJAdvisorFactory
instanceKlass org/springframework/aop/aspectj/annotation/BeanFactoryAspectJAdvisorsBuilder
instanceKlass org/springframework/aop/framework/autoproxy/BeanFactoryAdvisorRetrievalHelper
instanceKlass org/springframework/aop/TargetSource
instanceKlass org/springframework/aop/TargetClassAware
instanceKlass javax/persistence/EntityManager
instanceKlass org/springframework/beans/factory/annotation/InjectionMetadata$InjectedElement
instanceKlass org/springframework/beans/factory/annotation/InjectionMetadata
instanceKlass org/springframework/context/annotation/Bean
instanceKlass org/springframework/context/annotation/Configuration
instanceKlass java/io/Externalizable
instanceKlass org/springframework/core/Conventions
instanceKlass org/springframework/core/type/StandardClassMetadata
instanceKlass org/springframework/context/annotation/ConfigurationClassUtils
instanceKlass org/springframework/context/annotation/ConfigurationClassPostProcessor$ImportAwareBeanPostProcessor
instanceKlass org/springframework/core/OrderComparator
instanceKlass org/springframework/context/EmbeddedValueResolverAware
instanceKlass org/springframework/beans/factory/support/AbstractAutowireCapableBeanFactory$2
instanceKlass org/springframework/core/io/ContextResource
instanceKlass java/beans/PropertyEditorSupport
instanceKlass org/springframework/beans/TypeConverterDelegate
instanceKlass org/springframework/beans/BeanWrapperImpl$PropertyTokenHolder
instanceKlass org/springframework/beans/PropertyEditorRegistrySupport
instanceKlass org/springframework/beans/factory/parsing/PassThroughSourceExtractor
instanceKlass net/sf/cglib/core/AbstractClassGenerator
instanceKlass net/sf/cglib/core/ClassGenerator
instanceKlass org/springframework/beans/factory/support/AbstractBeanFactory$1
instanceKlass com/yewei/model/interceptor/aop/log/LogInterceptor
instanceKlass com/yewei/controller/MyController
instanceKlass com/yewei/service/scheduled/MyScheduleImplService
instanceKlass com/yewei/service/scheduled/MyScheduled
instanceKlass com/yewei/service/event/listener/YeweiEventListener
instanceKlass org/springframework/context/ApplicationListener
instanceKlass com/yewei/service/event/EventServiceImpl
instanceKlass com/yewei/service/event/EventService
instanceKlass com/yewei/service/deposit/WechatPayServiceImpl
instanceKlass com/yewei/service/deposit/UnionPayServiceImpl
instanceKlass com/yewei/service/deposit/PingppPayServiceImpl
instanceKlass com/yewei/adapter/DepositVendorAdapter
instanceKlass com/yewei/service/aop/log/MyLogServiceImpl
instanceKlass com/yewei/service/aop/log/MyLogService
instanceKlass com/yewei/core/YeweiServicePoolBase
instanceKlass com/yewei/service/adapter/DepositVendorService
instanceKlass org/springframework/beans/factory/FactoryBean
instanceKlass org/springframework/beans/factory/BeanFactoryUtils
instanceKlass org/springframework/context/MessageSourceAware
instanceKlass org/springframework/context/ApplicationEventPublisherAware
instanceKlass org/springframework/util/StringValueResolver
instanceKlass org/springframework/context/support/ApplicationContextAwareProcessor
instanceKlass java/beans/PropertyEditor
instanceKlass org/springframework/beans/support/ResourceEditorRegistrar
instanceKlass org/springframework/context/expression/StandardBeanExpressionResolver$1
instanceKlass org/springframework/expression/spel/SpelParserConfiguration
instanceKlass org/springframework/expression/common/TemplateAwareExpressionParser$1
instanceKlass org/springframework/expression/Expression
instanceKlass org/springframework/expression/common/TemplateAwareExpressionParser
instanceKlass org/springframework/expression/ParserContext
instanceKlass org/springframework/expression/ExpressionParser
instanceKlass org/springframework/expression/EvaluationContext
instanceKlass org/springframework/expression/TypeConverter
instanceKlass org/springframework/expression/TypeLocator
instanceKlass org/springframework/expression/BeanResolver
instanceKlass org/springframework/expression/PropertyAccessor
instanceKlass org/springframework/context/expression/StandardBeanExpressionResolver
instanceKlass org/aspectj/lang/annotation/After
instanceKlass org/aspectj/lang/annotation/Before
instanceKlass org/aspectj/lang/annotation/Pointcut
instanceKlass org/aspectj/lang/annotation/Aspect
instanceKlass java/beans/FeatureDescriptor
instanceKlass com/sun/beans/WeakCache
instanceKlass java/beans/Introspector
instanceKlass org/springframework/web/bind/annotation/Mapping
instanceKlass org/springframework/web/bind/annotation/RequestMapping
instanceKlass org/springframework/stereotype/Controller
instanceKlass org/springframework/beans/factory/support/BeanDefinitionReaderUtils
instanceKlass org/springframework/context/annotation/Role
instanceKlass org/springframework/context/annotation/DependsOn
instanceKlass org/springframework/context/annotation/Lazy
instanceKlass org/springframework/context/annotation/Primary
instanceKlass org/springframework/context/annotation/MetadataUtils
instanceKlass org/springframework/context/annotation/ScopeMetadata
instanceKlass org/springframework/scheduling/annotation/Async
instanceKlass java/lang/Long$LongCache
instanceKlass org/springframework/scheduling/annotation/Scheduled
instanceKlass org/springframework/context/annotation/AdviceModeImportSelector
instanceKlass org/springframework/context/annotation/ImportSelector
instanceKlass org/springframework/scheduling/annotation/EnableAsync
instanceKlass org/springframework/scheduling/annotation/SchedulingConfiguration
instanceKlass org/springframework/context/annotation/Import
instanceKlass org/springframework/scheduling/annotation/EnableScheduling
instanceKlass org/springframework/beans/factory/annotation/Configurable
instanceKlass org/springframework/transaction/annotation/Transactional
instanceKlass com/yewei/model/interceptor/aop/log/AutoLog
instanceKlass org/springframework/context/annotation/Profile
instanceKlass org/springframework/asm/ClassWriter
instanceKlass org/springframework/asm/Label
instanceKlass org/springframework/core/annotation/AnnotationUtils
instanceKlass org/springframework/stereotype/Service
instanceKlass org/springframework/core/type/classreading/AbstractRecursiveAnnotationVisitor
instanceKlass org/springframework/asm/Type
instanceKlass org/springframework/asm/MethodWriter
instanceKlass org/springframework/asm/commons/EmptyVisitor
instanceKlass org/springframework/asm/MethodAdapter
instanceKlass org/springframework/core/type/MethodMetadata
instanceKlass org/springframework/asm/Attribute
instanceKlass org/springframework/util/LinkedMultiValueMap
instanceKlass org/springframework/asm/AnnotationVisitor
instanceKlass org/springframework/asm/FieldVisitor
instanceKlass org/springframework/asm/MethodVisitor
instanceKlass org/springframework/core/type/classreading/ClassMetadataReadingVisitor
instanceKlass org/springframework/asm/ClassReader
instanceKlass org/springframework/core/type/AnnotationMetadata
instanceKlass org/springframework/core/type/ClassMetadata
instanceKlass org/springframework/core/type/classreading/SimpleMetadataReader
instanceKlass org/springframework/util/AntPathStringMatcher
instanceKlass java/net/URI$Parser
instanceKlass java/net/URI
instanceKlass org/springframework/core/io/support/ResourcePatternUtils
instanceKlass org/springframework/context/annotation/Scope
instanceKlass org/springframework/context/annotation/AnnotationScopeMetadataResolver
instanceKlass org/springframework/context/annotation/AnnotationBeanNameGenerator
instanceKlass org/springframework/beans/factory/support/BeanDefinitionDefaults
instanceKlass java/lang/reflect/WeakCache$Value
instanceKlass sun/misc/ProxyGenerator$ExceptionTableEntry
instanceKlass sun/misc/ProxyGenerator$PrimitiveTypeInfo
instanceKlass sun/misc/ProxyGenerator$FieldInfo
instanceKlass java/io/DataOutput
instanceKlass sun/misc/ProxyGenerator$ConstantPool$Entry
instanceKlass sun/misc/ProxyGenerator$MethodInfo
instanceKlass sun/misc/ProxyGenerator$ProxyMethod
instanceKlass sun/misc/ProxyGenerator$ConstantPool
instanceKlass sun/security/action/GetBooleanAction
instanceKlass sun/misc/ProxyGenerator
instanceKlass java/lang/reflect/WeakCache$Factory
instanceKlass java/util/function/Supplier
instanceKlass java/lang/reflect/Proxy$ProxyClassFactory
instanceKlass java/lang/reflect/Proxy$KeyFactory
instanceKlass java/util/function/BiFunction
instanceKlass java/lang/reflect/WeakCache
instanceKlass java/lang/reflect/Proxy
instanceKlass sun/reflect/annotation/AnnotationInvocationHandler
instanceKlass java/lang/reflect/InvocationHandler
instanceKlass sun/reflect/annotation/AnnotationParser$1
instanceKlass sun/reflect/annotation/ExceptionProxy
instanceKlass java/lang/Class$4
instanceKlass java/lang/annotation/Documented
instanceKlass java/lang/annotation/Retention
instanceKlass sun/reflect/annotation/AnnotationType$1
instanceKlass java/lang/annotation/Target
instanceKlass sun/reflect/annotation/AnnotationParser
instanceKlass java/lang/annotation/Inherited
instanceKlass org/springframework/stereotype/Component
instanceKlass org/springframework/core/type/filter/AbstractTypeHierarchyTraversingFilter
instanceKlass org/springframework/core/type/classreading/MetadataReader
instanceKlass org/springframework/core/type/classreading/SimpleMetadataReaderFactory
instanceKlass org/springframework/context/annotation/ScopeMetadataResolver
instanceKlass org/springframework/core/type/classreading/MetadataReaderFactory
instanceKlass org/springframework/beans/factory/annotation/AnnotatedBeanDefinition
instanceKlass org/springframework/context/annotation/ClassPathScanningCandidateComponentProvider
instanceKlass org/springframework/aop/framework/ProxyConfig
instanceKlass org/springframework/aop/framework/AopInfrastructureBean
instanceKlass org/springframework/aop/config/AopConfigUtils
instanceKlass org/springframework/aop/config/AopNamespaceUtils
instanceKlass org/springframework/aop/config/SpringConfiguredBeanDefinitionParser
instanceKlass org/springframework/aop/config/ScopedProxyBeanDefinitionDecorator
instanceKlass org/springframework/aop/config/AspectJAutoProxyBeanDefinitionParser
instanceKlass org/springframework/aop/config/ConfigBeanDefinitionParser
instanceKlass org/springframework/beans/factory/xml/BeanDefinitionDecorator
instanceKlass org/springframework/beans/factory/config/BeanReference
instanceKlass org/springframework/beans/factory/parsing/AbstractComponentDefinition
instanceKlass org/springframework/beans/factory/annotation/InitDestroyAnnotationBeanPostProcessor
instanceKlass org/springframework/beans/factory/config/InstantiationAwareBeanPostProcessorAdapter
instanceKlass org/springframework/beans/factory/config/SmartInstantiationAwareBeanPostProcessor
instanceKlass java/util/concurrent/ConcurrentHashMap$Traverser
instanceKlass org/springframework/beans/factory/config/ConstructorArgumentValues
instanceKlass org/springframework/beans/factory/support/MethodOverrides
instanceKlass org/springframework/context/annotation/ConfigurationClassPostProcessor
instanceKlass org/springframework/context/EnvironmentAware
instanceKlass org/springframework/context/ResourceLoaderAware
instanceKlass org/springframework/beans/factory/support/BeanDefinitionRegistryPostProcessor
instanceKlass org/springframework/beans/factory/config/BeanFactoryPostProcessor
instanceKlass org/springframework/orm/jpa/support/PersistenceAnnotationBeanPostProcessor
instanceKlass org/springframework/core/PriorityOrdered
instanceKlass org/springframework/core/Ordered
instanceKlass org/springframework/beans/factory/support/MergedBeanDefinitionPostProcessor
instanceKlass org/springframework/beans/factory/config/DestructionAwareBeanPostProcessor
instanceKlass org/springframework/beans/factory/config/InstantiationAwareBeanPostProcessor
instanceKlass javax/persistence/EntityManagerFactory
instanceKlass javax/annotation/Resource
instanceKlass org/springframework/context/annotation/AnnotationConfigUtils
instanceKlass org/springframework/beans/factory/config/BeanDefinitionHolder
instanceKlass org/springframework/beans/factory/xml/ParserContext
instanceKlass org/springframework/context/config/SpringConfiguredBeanDefinitionParser
instanceKlass org/springframework/core/type/filter/TypeFilter
instanceKlass org/springframework/context/annotation/ComponentScanBeanDefinitionParser
instanceKlass org/springframework/context/annotation/AnnotationConfigBeanDefinitionParser
instanceKlass org/springframework/beans/factory/xml/AbstractBeanDefinitionParser
instanceKlass org/springframework/beans/factory/xml/BeanDefinitionParser
instanceKlass org/springframework/beans/factory/xml/NamespaceHandlerSupport
instanceKlass org/springframework/beans/factory/xml/NamespaceHandler
instanceKlass org/apache/xerces/dom/NodeListCache
instanceKlass org/apache/xerces/dom/CharacterDataImpl$1
instanceKlass org/springframework/beans/factory/parsing/ParseState
instanceKlass org/springframework/beans/factory/xml/DocumentDefaultsDefinition
instanceKlass org/springframework/beans/factory/support/MethodOverride
instanceKlass org/springframework/beans/factory/parsing/ParseState$Entry
instanceKlass org/springframework/beans/Mergeable
instanceKlass org/springframework/beans/factory/parsing/DefaultsDefinition
instanceKlass org/springframework/beans/factory/xml/BeanDefinitionParserDelegate
instanceKlass org/apache/xerces/dom/NamedNodeMapImpl
instanceKlass org/springframework/beans/factory/parsing/ReaderContext
instanceKlass org/springframework/beans/factory/xml/DefaultNamespaceHandlerResolver
instanceKlass org/springframework/beans/factory/parsing/ComponentDefinition
instanceKlass org/springframework/beans/BeanUtils
instanceKlass java/util/Collections$EmptyEnumeration
instanceKlass org/apache/xerces/impl/xs/util/ShortListImpl
instanceKlass org/apache/xerces/impl/dv/xs/ListDV$ListData
instanceKlass org/apache/xerces/impl/xs/AttributePSVImpl
instanceKlass org/apache/xerces/xs/AttributePSVI
instanceKlass org/apache/xerces/impl/dtd/models/CMStateSet
instanceKlass org/apache/xerces/impl/xs/models/XSDFACM
instanceKlass org/apache/xerces/impl/dv/xs/XSSimpleTypeDecl$ValidationContextImpl
instanceKlass org/apache/xerces/impl/xs/traversers/XSDAbstractTraverser$FacetInfo
instanceKlass org/xml/sax/Parser
instanceKlass org/apache/xerces/xs/PSVIProvider
instanceKlass org/apache/xerces/impl/xs/opti/NamedNodeMapImpl
instanceKlass org/apache/xerces/impl/xs/XSAnnotationImpl
instanceKlass org/apache/xerces/impl/xs/traversers/XSDAbstractParticleTraverser$ParticleArray
instanceKlass org/apache/xerces/xs/XSAnnotation
instanceKlass org/apache/xerces/impl/xs/traversers/Container
instanceKlass org/apache/xerces/impl/xs/traversers/OneAttr
instanceKlass org/apache/xerces/impl/xs/util/XIntPool
instanceKlass org/apache/xerces/impl/xs/util/XInt
instanceKlass org/apache/xerces/impl/xs/traversers/XSAttributeChecker
instanceKlass org/apache/xerces/util/DOMUtil
instanceKlass org/apache/xerces/util/NamespaceSupport$Prefixes
instanceKlass org/w3c/dom/NamedNodeMap
instanceKlass org/apache/xerces/impl/xs/traversers/XSDHandler$XSDKey
instanceKlass org/springframework/util/ResourceUtils
instanceKlass org/springframework/core/io/support/PropertiesLoaderUtils
instanceKlass org/apache/xerces/impl/xs/XMLSchemaLoader$LocationArray
instanceKlass org/apache/xerces/impl/Constants$ArrayEnumeration
instanceKlass org/apache/xerces/impl/Constants
instanceKlass org/apache/xerces/dom/DeferredDocumentImpl$RefCount
instanceKlass org/w3c/dom/traversal/NodeIterator
instanceKlass org/w3c/dom/events/MutationEvent
instanceKlass org/w3c/dom/traversal/TreeWalker
instanceKlass org/w3c/dom/ranges/Range
instanceKlass org/w3c/dom/events/Event
instanceKlass org/w3c/dom/CDATASection
instanceKlass org/w3c/dom/Comment
instanceKlass org/w3c/dom/DocumentFragment
instanceKlass org/w3c/dom/ProcessingInstruction
instanceKlass org/w3c/dom/Text
instanceKlass org/w3c/dom/Attr
instanceKlass org/w3c/dom/DocumentType
instanceKlass org/w3c/dom/Notation
instanceKlass org/apache/xerces/util/XMLSymbols
instanceKlass org/apache/xerces/impl/xs/XMLSchemaValidator$LocalIDKey
instanceKlass org/apache/xerces/impl/xs/XMLSchemaValidator$ValueStoreBase
instanceKlass org/apache/xerces/impl/xs/XMLSchemaValidator$ValueStoreCache
instanceKlass org/apache/xerces/util/IntStack
instanceKlass org/apache/xerces/impl/xs/identity/XPathMatcher
instanceKlass org/apache/xerces/impl/xs/XMLSchemaValidator$XPathMatcherStack
instanceKlass org/apache/xerces/impl/xs/XSNotationDecl
instanceKlass org/apache/xerces/impl/xs/XSDeclarationPool
instanceKlass org/apache/xerces/impl/xs/opti/SchemaDOMParser$BooleanStack
instanceKlass org/apache/xerces/impl/xs/opti/DefaultXMLDocumentHandler
instanceKlass org/apache/xerces/impl/xs/traversers/XSDocumentInfo
instanceKlass org/apache/xerces/impl/xs/opti/DefaultNode
instanceKlass org/apache/xerces/impl/xs/traversers/XSDAbstractTraverser
instanceKlass org/xml/sax/XMLReader
instanceKlass org/apache/xerces/impl/xs/traversers/XSDHandler
instanceKlass org/apache/xerces/impl/xs/XSMessageFormatter
instanceKlass org/apache/xerces/util/DefaultErrorHandler
instanceKlass org/w3c/dom/DOMStringList
instanceKlass org/apache/xerces/impl/xs/XMLSchemaLoader
instanceKlass org/w3c/dom/DOMConfiguration
instanceKlass org/apache/xerces/xs/XSLoader
instanceKlass org/apache/xerces/impl/xs/models/XSEmptyCM
instanceKlass org/apache/xerces/impl/xs/models/XSCMValidator
instanceKlass org/apache/xerces/impl/xs/models/CMBuilder
instanceKlass org/apache/xerces/impl/dtd/models/CMNode
instanceKlass org/apache/xerces/impl/xs/models/CMNodeFactory
instanceKlass org/apache/xerces/impl/xs/util/XSObjectListImpl$1
instanceKlass org/apache/xerces/impl/xs/XSModelGroupImpl
instanceKlass org/apache/xerces/xs/XSModelGroup
instanceKlass org/apache/xerces/impl/xs/XSParticleDecl
instanceKlass org/apache/xerces/impl/xs/XSWildcardDecl
instanceKlass org/apache/xerces/impl/xs/XSAttributeDecl
instanceKlass org/apache/xerces/impl/xs/XSAttributeUseImpl
instanceKlass org/apache/xerces/xs/XSAttributeUse
instanceKlass org/apache/xerces/impl/xs/XSAttributeGroupDecl
instanceKlass org/apache/xerces/impl/xs/identity/IdentityConstraint
instanceKlass org/apache/xerces/xs/XSIDCDefinition
instanceKlass org/apache/xerces/xs/XSNamedMap
instanceKlass java/util/Properties$LineReader
instanceKlass java/util/ResourceBundle$Control$1
instanceKlass org/apache/xerces/impl/xpath/regex/Token
instanceKlass org/apache/xerces/impl/xpath/regex/REUtil
instanceKlass org/apache/xerces/impl/xpath/regex/Op
instanceKlass org/apache/xerces/impl/xpath/regex/RegexParser
instanceKlass org/apache/xerces/impl/xpath/regex/RegularExpression
instanceKlass org/apache/xerces/impl/dv/xs/DecimalDV$XDecimal
instanceKlass org/apache/xerces/xs/datatypes/XSDecimal
instanceKlass org/apache/xerces/impl/dv/xs/XSSimpleTypeDecl$2
instanceKlass org/apache/xerces/impl/dv/xs/XSSimpleTypeDecl$1
instanceKlass org/apache/xerces/xs/datatypes/XSQName
instanceKlass org/apache/xerces/util/URI
instanceKlass org/apache/xerces/impl/dv/util/ByteListImpl
instanceKlass org/apache/xerces/xs/datatypes/ByteList
instanceKlass javax/xml/datatype/XMLGregorianCalendar
instanceKlass javax/xml/datatype/Duration
instanceKlass org/apache/xerces/impl/dv/xs/AbstractDateTimeDV$DateTimeData
instanceKlass org/apache/xerces/xs/datatypes/XSDateTime
instanceKlass javax/xml/datatype/DatatypeFactory
instanceKlass org/apache/xerces/impl/dv/xs/TypeValidator
instanceKlass org/apache/xerces/xs/datatypes/ObjectList
instanceKlass org/apache/xerces/impl/dv/ValidatedInfo
instanceKlass org/apache/xerces/xs/ShortList
instanceKlass org/apache/xerces/impl/xs/util/XSObjectListImpl
instanceKlass org/apache/xerces/impl/dv/xs/XSSimpleTypeDecl
instanceKlass org/apache/xerces/impl/dv/XSFacets
instanceKlass org/apache/xerces/util/SymbolHash$Entry
instanceKlass org/apache/xerces/util/SymbolHash
instanceKlass org/apache/xerces/impl/dv/XSSimpleType
instanceKlass org/apache/xerces/impl/dv/SchemaDVFactory
instanceKlass org/apache/xerces/impl/xs/XSGroupDecl
instanceKlass org/apache/xerces/impl/xs/util/SimpleLocator
instanceKlass org/apache/xerces/impl/xs/SchemaSymbols
instanceKlass org/apache/xerces/xs/XSWildcard
instanceKlass org/apache/xerces/xs/XSParticle
instanceKlass org/apache/xerces/impl/xs/XSComplexTypeDecl
instanceKlass org/w3c/dom/TypeInfo
instanceKlass org/apache/xerces/xs/XSComplexTypeDefinition
instanceKlass org/apache/xerces/xs/XSObjectList
instanceKlass org/apache/xerces/xs/XSAttributeGroupDefinition
instanceKlass org/apache/xerces/xs/XSModelGroupDefinition
instanceKlass org/apache/xerces/impl/xs/SubstitutionGroupHandler$OneSubGroup
instanceKlass org/apache/xerces/impl/xs/XSElementDecl
instanceKlass org/apache/xerces/impl/xs/SubstitutionGroupHandler
